Arguments: 
  /usr/local/Cellar/node/13.5.0/bin/node /usr/local/Cellar/yarn/1.21.1/libexec/bin/yarn.js start

PATH: 
  /Users/arlenmendes/.rvm/gems/ruby-2.6.3/bin:/Users/arlenmendes/.rvm/gems/ruby-2.6.3@global/bin:/Users/arlenmendes/.rvm/rubies/ruby-2.6.3/bin:/usr/local/bin:/Users/arlenmendes/.nvm/versions/node/v10.18.1/bin:/usr/local/bin:/usr/bin:/bin:/usr/sbin:/sbin:/Users/arlenmendes/.rvm/gems/ruby-2.6.3/bin:/Users/arlenmendes/.rvm/gems/ruby-2.6.3@global/bin:/Users/arlenmendes/.rvm/rubies/ruby-2.6.3/bin:/Users/arlenmendes/.nvm/versions/node/v10.18.1/bin:/Users/arlenmendes/.zplugin/polaris/bin:/usr/local/Cellar/yvm/3.6.6/shim:/Users/arlenmendes/.rvm/bin:/usr/local/Cellar/yvm/3.6.6/shim:/Users/arlenmendes/.rvm/bin

Yarn version: 
  1.21.1

Node version: 
  13.5.0

Platform: 
  darwin x64

Trace: 
  SyntaxError: /Users/arlenmendes/projetos/camp/backend/package.json: Unexpected string in JSON at position 88
      at JSON.parse (<anonymous>)
      at /usr/local/Cellar/yarn/1.21.1/libexec/lib/cli.js:1625:59
      at Generator.next (<anonymous>)
      at step (/usr/local/Cellar/yarn/1.21.1/libexec/lib/cli.js:310:30)
      at /usr/local/Cellar/yarn/1.21.1/libexec/lib/cli.js:321:13

npm manifest: 
  {
    "name": "backend",
    "version": "1.0.0",
    "main": "index.js",
    "license": "MIT"
    "scripts": {
      "dev": "node src/index.js"
    }
  }

yarn manifest: 
  No manifest

Lockfile: 
  No lockfile
